#
# A fatal error has been detected by the Java Runtime Environment:
#
#  EXCEPTION_ACCESS_VIOLATION (0xc0000005) at pc=0x6d8ae426, pid=6652, tid=4756
#
# JRE version: 6.0_45-b06
# Java VM: Java HotSpot(TM) Client VM (20.45-b01 mixed mode, sharing windows-x86 )
# Problematic frame:
# V  [jvm.dll+0x9e426]
#
# If you would like to submit a bug report, please visit:
#   http://java.sun.com/webapps/bugreport/crash.jsp
#

---------------  T H R E A D  ---------------

Current thread (0x0157e800):  JavaThread "main" [_thread_in_vm, id=4756, stack(0x00360000,0x003b0000)]

siginfo: ExceptionCode=0xc0000005, reading address 0x00000008

Registers:
EAX=0x00000000, EBX=0x33affb50, ECX=0x0157e800, EDX=0x000006b6
ESP=0x003afbec, EBP=0x003afc08, ESI=0x00000000, EDI=0x0157e800
EIP=0x6d8ae426, EFLAGS=0x00010246

Top of Stack: (sp=0x003afbec)
0x003afbec:   0157e800 33affb50 33affb50 0157e800
0x003afbfc:   016ba3d0 000006b6 6da3848c 003afc28
0x003afc0c:   625821ee 0157e928 0159e5f8 00000000
0x003afc1c:   0157e928 0157e800 33affb50 003afc68
0x003afc2c:   62581453 0159e5f8 00000000 62584064
0x003afc3c:   6d85aedc 0157e800 00000006 00000008
0x003afc4c:   0157e800 33affb50 33affb50 00000000
0x003afc5c:   0159e5f8 016c9ec7 33affb50 003afca4 

Instructions: (pc=0x6d8ae426)
0x6d8ae406:   00 a0 e3 04 a9 6d 84 c0 8b 75 10 74 13 8b 06 6a
0x6d8ae416:   01 56 50 6a 00 6a 00 57 e8 6d 26 03 00 83 c4 18
0x6d8ae426:   8b 4e 08 8b 16 8b 04 11 50 e8 5c e2 05 00 89 45
0x6d8ae436:   08 8b 45 f4 83 c4 04 85 c0 74 08 8d 4d f0 e8 17 


Register to memory mapping:

EAX=0x00000000 is an unknown value
EBX=0x33affb50 is an oop
{method} 
 - klass: {other class}
ECX=0x0157e800 is a thread
EDX=0x000006b6 is an unknown value
ESP=0x003afbec is pointing into the stack for thread: 0x0157e800
EBP=0x003afc08 is pointing into the stack for thread: 0x0157e800
ESI=0x00000000 is an unknown value
EDI=0x0157e800 is a thread


Stack: [0x00360000,0x003b0000],  sp=0x003afbec,  free space=318k
Native frames: (J=compiled Java code, j=interpreted, Vv=VM code, C=native code)
V  [jvm.dll+0x9e426]
C  [JniCallJava.dll+0x21ee]  Java_com_stdying_jni_JniCallJava_doCallStatic+0xbe1
C  [JniCallJava.dll+0x1453]  Java_com_stdying_jni_JniCallJava_nativeSetNameStatic+0x6f
j  com.stdying.jni.JniCallJava.nativeSetNameStatic(Ljava/lang/String;)V+0
j  com.stdying.jni.TestMain.testJniCallJava()V+27
j  com.stdying.jni.TestMain.main([Ljava/lang/String;)V+0
v  ~StubRoutines::call_stub
V  [jvm.dll+0xfb88b]
V  [jvm.dll+0x18d551]
V  [jvm.dll+0xfb90d]
V  [jvm.dll+0x960f6]
V  [jvm.dll+0x9df33]
C  [javaw.exe+0x2155]
C  [javaw.exe+0x8624]
C  [kernel32.dll+0x4ed5c]  BaseThreadInitThunk+0x12
C  [ntdll.dll+0x637f5]  RtlInitializeExceptionChain+0xef
C  [ntdll.dll+0x637c8]  RtlInitializeExceptionChain+0xc2

Java frames: (J=compiled Java code, j=interpreted, Vv=VM code)
j  com.stdying.jni.JniCallJava.nativeSetNameStatic(Ljava/lang/String;)V+0
j  com.stdying.jni.TestMain.testJniCallJava()V+27
j  com.stdying.jni.TestMain.main([Ljava/lang/String;)V+0
v  ~StubRoutines::call_stub

---------------  P R O C E S S  ---------------

Java Threads: ( => current thread )
  0x015f0000 JavaThread "Low Memory Detector" daemon [_thread_blocked, id=6340, stack(0x039e0000,0x03a30000)]
  0x015eb000 JavaThread "C1 CompilerThread0" daemon [_thread_blocked, id=6056, stack(0x03990000,0x039e0000)]
  0x015e7c00 JavaThread "Attach Listener" daemon [_thread_blocked, id=3256, stack(0x03940000,0x03990000)]
  0x015e7000 JavaThread "Signal Dispatcher" daemon [_thread_blocked, id=2440, stack(0x038f0000,0x03940000)]
  0x015dac00 JavaThread "Finalizer" daemon [_thread_blocked, id=4468, stack(0x038a0000,0x038f0000)]
  0x015d9800 JavaThread "Reference Handler" daemon [_thread_blocked, id=2132, stack(0x03850000,0x038a0000)]
=>0x0157e800 JavaThread "main" [_thread_in_vm, id=4756, stack(0x00360000,0x003b0000)]

Other Threads:
  0x0159d000 VMThread [stack: 0x01660000,0x016b0000] [id=5060]
  0x015f1000 WatcherThread [stack: 0x03a30000,0x03a80000] [id=2104]

VM state:not at safepoint (normal execution)

VM Mutex/Monitor currently owned by a thread: None

Heap
 def new generation   total 4928K, used 305K [0x23aa0000, 0x23ff0000, 0x28ff0000)
  eden space 4416K,   6% used [0x23aa0000, 0x23aec4c0, 0x23ef0000)
  from space 512K,   0% used [0x23ef0000, 0x23ef0000, 0x23f70000)
  to   space 512K,   0% used [0x23f70000, 0x23f70000, 0x23ff0000)
 tenured generation   total 10944K, used 0K [0x28ff0000, 0x29aa0000, 0x33aa0000)
   the space 10944K,   0% used [0x28ff0000, 0x28ff0000, 0x28ff0200, 0x29aa0000)
 compacting perm gen  total 12288K, used 385K [0x33aa0000, 0x346a0000, 0x37aa0000)
   the space 12288K,   3% used [0x33aa0000, 0x33b005f0, 0x33b00600, 0x346a0000)
    ro space 10240K,  51% used [0x37aa0000, 0x37fd3000, 0x37fd3000, 0x384a0000)
    rw space 12288K,  55% used [0x384a0000, 0x38b3e4f8, 0x38b3e600, 0x390a0000)

Code Cache  [0x016c0000, 0x01730000, 0x036c0000)
 total_blobs=127 nmethods=3 adapters=61 free_code_cache=33107968 largest_free_block=0

Dynamic libraries:
0x00400000 - 0x00425000 	C:\Program Files\Java\jre6\bin\javaw.exe
0x76de0000 - 0x76f1c000 	C:\Windows\SYSTEM32\ntdll.dll
0x76c70000 - 0x76d44000 	C:\Windows\system32\kernel32.dll
0x751e0000 - 0x7522b000 	C:\Windows\system32\KERNELBASE.dll
0x76f70000 - 0x77010000 	C:\Windows\system32\ADVAPI32.dll
0x75c90000 - 0x75d3c000 	C:\Windows\system32\msvcrt.dll
0x76c50000 - 0x76c69000 	C:\Windows\SYSTEM32\sechost.dll
0x75b00000 - 0x75ba2000 	C:\Windows\system32\RPCRT4.dll
0x75600000 - 0x756c9000 	C:\Windows\system32\USER32.dll
0x75ab0000 - 0x75afe000 	C:\Windows\system32\GDI32.dll
0x75d50000 - 0x75d5a000 	C:\Windows\system32\LPK.dll
0x75d70000 - 0x75e0d000 	C:\Windows\system32\USP10.dll
0x75c70000 - 0x75c8f000 	C:\Windows\system32\IMM32.DLL
0x75530000 - 0x755fc000 	C:\Windows\system32\MSCTF.dll
0x74ef0000 - 0x74f25000 	C:\Windows\system32\nvinit.dll
0x7c340000 - 0x7c396000 	C:\Program Files\Java\jre6\bin\msvcr71.dll
0x6d810000 - 0x6dac0000 	C:\Program Files\Java\jre6\bin\client\jvm.dll
0x73090000 - 0x730c2000 	C:\Windows\system32\WINMM.dll
0x74e20000 - 0x74e6c000 	C:\Windows\system32\apphelp.dll
0x6d7c0000 - 0x6d7cc000 	C:\Program Files\Java\jre6\bin\verify.dll
0x6d330000 - 0x6d34f000 	C:\Program Files\Java\jre6\bin\java.dll
0x6d800000 - 0x6d80f000 	C:\Program Files\Java\jre6\bin\zip.dll
0x62580000 - 0x62595000 	D:\workplace\Java\demoJNI\DLL\JniCallJava.dll
0x6e940000 - 0x6e962000 	C:\developer\MinGW\bin\libgcc_s_dw2-1.dll
0x6fc40000 - 0x6fd3a000 	C:\developer\MinGW\bin\libstdc++-6.dll
0x75d60000 - 0x75d65000 	C:\Windows\system32\PSAPI.DLL

VM Arguments:
jvm_args: -Djava.library.path=D:\workplace\Java\demoJNI\DLL -Dfile.encoding=UTF-8 
java_command: com.stdying.jni.TestMain
Launcher Type: SUN_STANDARD

Environment Variables:
JAVA_HOME=C:\Program Files\Java\jdk1.6.0_45
CLASSPATH=.;C:\Program Files\Java\jdk1.6.0_45\lib;C:\Program Files\Java\jdk1.6.0_45\lib\tools.jar
PATH=C:/Program Files/Java/jre6/bin/client;C:/Program Files/Java/jre6/bin;C:/Program Files/Java/jre6/lib/i386;C:\Program Files\Common Files\NetSarang;C:\Program Files\NVIDIA Corporation\PhysX\Common;C:\Windows\system32;C:\Windows;C:\Windows\System32\Wbem;C:\Windows\System32\WindowsPowerShell\v1.0\;C:\Program Files\Java\jdk1.6.0_45\bin;C:\Program Files\Java\jdk1.6.0_45\jre\bin;C:\developer\CMake 2.8\bin;C:\developer\MinGW\bin;C:\developer\Qt\4.8.4\bin;C:\developer\opencv\build\x86\vc10\bin;C:\Program Files\TortoiseSVN\bin;C:\developer\android\android-sdk-windows\platform-tools;c:\Program Files\Microsoft SQL Server\100\Tools\Binn\;c:\Program Files\Microsoft SQL Server\100\DTS\Binn\;C:\Python27;C:\developer\cygwin\bin;C:\developer\eclipse;
USERNAME=Administrator
OS=Windows_NT
PROCESSOR_IDENTIFIER=x86 Family 6 Model 37 Stepping 5, GenuineIntel



---------------  S Y S T E M  ---------------

OS: Windows 7 Build 7601 Service Pack 1

CPU:total 4 (2 cores per cpu, 2 threads per core) family 6 model 37 stepping 5, cmov, cx8, fxsr, mmx, sse, sse2, sse3, ssse3, sse4.1, sse4.2, popcnt, ht

Memory: 4k page, physical 2798072k(1093412k free), swap 5594388k(1714620k free)

vm_info: Java HotSpot(TM) Client VM (20.45-b01) for windows-x86 JRE (1.6.0_45-b06), built on Mar 26 2013 13:40:03 by "java_re" with MS VC++ 7.1 (VS2003)

time: Mon Mar 17 16:10:26 2014
elapsed time: 0 seconds

